[2020-11-14 21:54:18,939] multiqc                                            [DEBUG  ]  No MultiQC config found: /home/user/anaconda3/lib/python3.7/site-packages/multiqc_config.yaml
[2020-11-14 21:54:18,940] multiqc                                            [DEBUG  ]  No MultiQC config found: /home/user/.multiqc_config.yaml
[2020-11-14 21:54:18,940] multiqc                                            [DEBUG  ]  No MultiQC config found: multiqc_config.yaml
[2020-11-14 21:54:18,940] multiqc                                            [DEBUG  ]  Command used: /home/user/anaconda3/bin/multiqc ../../results/figures/fastqc_reports/telleria/SRR965341_1_fastqc.zip ../../results/figures/fastqc_reports/telleria/SRR965341_2_fastqc.zip ../../data/scratch/reads-alignment-output/telleria/SRR965341.txt ../../data/intermediate/tbrucei_read_counts/telleria/SRR965341.counts.txt --outdir ../../results/figures/multiqc_reports/telleria
[2020-11-14 21:54:20,851] multiqc                                            [DEBUG  ]  Latest MultiQC version is v1.9
[2020-11-14 21:54:20,852] multiqc                                            [INFO   ]  This is MultiQC v1.9
[2020-11-14 21:54:20,852] multiqc                                            [DEBUG  ]  Command     : /home/user/anaconda3/bin/multiqc ../../results/figures/fastqc_reports/telleria/SRR965341_1_fastqc.zip ../../results/figures/fastqc_reports/telleria/SRR965341_2_fastqc.zip ../../data/scratch/reads-alignment-output/telleria/SRR965341.txt ../../data/intermediate/tbrucei_read_counts/telleria/SRR965341.counts.txt --outdir ../../results/figures/multiqc_reports/telleria
[2020-11-14 21:54:20,852] multiqc                                            [DEBUG  ]  Working dir : /home/user/workspace/tbrucei_gcn/scripts/analysis
[2020-11-14 21:54:20,852] multiqc                                            [INFO   ]  Template    : default
[2020-11-14 21:54:20,853] multiqc                                            [DEBUG  ]  Running Python 3.7.4 (default, Aug 13 2019, 20:35:49)  [GCC 7.3.0]
[2020-11-14 21:54:20,853] multiqc                                            [INFO   ]  Searching   : /home/user/workspace/tbrucei_gcn/results/figures/fastqc_reports/telleria/SRR965341_1_fastqc.zip
[2020-11-14 21:54:20,853] multiqc                                            [INFO   ]  Searching   : /home/user/workspace/tbrucei_gcn/results/figures/fastqc_reports/telleria/SRR965341_2_fastqc.zip
[2020-11-14 21:54:20,853] multiqc                                            [INFO   ]  Searching   : /home/user/workspace/tbrucei_gcn/data/scratch/reads-alignment-output/telleria/SRR965341.txt
[2020-11-14 21:54:20,853] multiqc                                            [INFO   ]  Searching   : /home/user/workspace/tbrucei_gcn/data/intermediate/tbrucei_read_counts/telleria/SRR965341.counts.txt
[2020-11-14 21:54:20,855] multiqc                                            [DEBUG  ]  Analysing modules: custom_content, conpair, peddy, somalier, methylQA, mosdepth, phantompeakqualtools, qualimap, preseq, quast, qorts, rna_seqc, rockhopper, rsem, rseqc, busco, goleft_indexcov, disambiguate, supernova, deeptools, sargasso, verifybamid, mirtrace, happy, mirtop, homer, macs2, theta2, snpeff, gatk, htseq, bcftools, featureCounts, fgbio, dragen, dedup, damageprofiler, biobambam2, mtnucratio, picard, prokka, samblaster, samtools, sexdeterrmine, bamtools, jellyfish, vcftools, longranger, stacks, varscan2, bbmap, bismark, biscuit, hicexplorer, hicup, hicpro, salmon, kallisto, slamdunk, star, hisat2, tophat, bowtie2, bowtie1, snpsplit, kat, leehom, adapterRemoval, clipandmerge, cutadapt, flexbar, kaiju, kraken, malt, trimmomatic, sickle, skewer, sortmerna, biobloomtools, fastq_screen, afterqc, fastp, fastqc, pycoqc, minionqc, multivcfanalyzer, clusterflow, bcl2fastq, interop, ivar, flash, seqyclean
[2020-11-14 21:54:20,855] multiqc                                            [DEBUG  ]  Using temporary directory for creating report: /tmp/tmp44swcix8
[2020-11-14 21:54:21,744] multiqc                                            [DEBUG  ]  File ignored by hicexplorer because it exceeded search pattern filesize limit: SRR965341.counts.txt
[2020-11-14 21:54:21,746] multiqc                                            [DEBUG  ]  File ignored by longranger/invocation because it exceeded search pattern filesize limit: SRR965341.counts.txt
[2020-11-14 21:54:26,257] multiqc.plots.bargraph                             [DEBUG  ]  Using matplotlib version 3.1.3
[2020-11-14 21:54:26,272] multiqc.plots.linegraph                            [DEBUG  ]  Using matplotlib version 3.1.3
[2020-11-14 21:54:26,284] multiqc                                            [DEBUG  ]  No samples found: custom_content
[2020-11-14 21:54:26,331] multiqc                                            [DEBUG  ]  No samples found: conpair
[2020-11-14 21:54:26,361] multiqc                                            [DEBUG  ]  No samples found: peddy
[2020-11-14 21:54:26,400] multiqc                                            [DEBUG  ]  No samples found: somalier
[2020-11-14 21:54:26,502] multiqc                                            [DEBUG  ]  No samples found: methylQA
[2020-11-14 21:54:26,597] multiqc                                            [DEBUG  ]  No samples found: mosdepth
[2020-11-14 21:54:26,644] multiqc                                            [DEBUG  ]  No samples found: phantompeakqualtools
[2020-11-14 21:54:26,705] multiqc                                            [DEBUG  ]  No samples found: qualimap
[2020-11-14 21:54:26,754] multiqc                                            [DEBUG  ]  No samples found: preseq
[2020-11-14 21:54:26,790] multiqc                                            [DEBUG  ]  No samples found: quast
[2020-11-14 21:54:26,812] multiqc                                            [DEBUG  ]  No samples found: qorts
[2020-11-14 21:54:26,837] multiqc                                            [DEBUG  ]  No samples found: rna_seqc
[2020-11-14 21:54:26,861] multiqc                                            [DEBUG  ]  No samples found: rockhopper
[2020-11-14 21:54:26,895] multiqc                                            [DEBUG  ]  No samples found: rsem
[2020-11-14 21:54:26,990] multiqc                                            [DEBUG  ]  No samples found: rseqc
[2020-11-14 21:54:27,002] multiqc                                            [DEBUG  ]  No samples found: busco
[2020-11-14 21:54:27,012] multiqc                                            [DEBUG  ]  No samples found: goleft_indexcov
[2020-11-14 21:54:27,026] multiqc                                            [DEBUG  ]  No samples found: disambiguate
[2020-11-14 21:54:27,048] multiqc                                            [DEBUG  ]  No samples found: supernova
[2020-11-14 21:54:27,112] multiqc                                            [DEBUG  ]  No samples found: deeptools
[2020-11-14 21:54:27,142] multiqc                                            [DEBUG  ]  No samples found: sargasso
[2020-11-14 21:54:27,167] multiqc                                            [DEBUG  ]  No samples found: verifybamid
[2020-11-14 21:54:27,189] multiqc                                            [DEBUG  ]  No samples found: mirtrace
[2020-11-14 21:54:27,211] multiqc                                            [DEBUG  ]  No samples found: happy
[2020-11-14 21:54:27,244] multiqc                                            [DEBUG  ]  No samples found: mirtop
[2020-11-14 21:54:27,265] multiqc                                            [DEBUG  ]  No samples found: homer
[2020-11-14 21:54:27,288] multiqc                                            [DEBUG  ]  No samples found: macs2
[2020-11-14 21:54:27,316] multiqc                                            [DEBUG  ]  No samples found: theta2
[2020-11-14 21:54:27,341] multiqc                                            [DEBUG  ]  No samples found: snpeff
[2020-11-14 21:54:27,363] multiqc                                            [DEBUG  ]  No samples found: gatk
[2020-11-14 21:54:27,407] multiqc.modules.htseq.htseq                        [INFO   ]  Found 1 reports
[2020-11-14 21:54:27,443] multiqc                                            [DEBUG  ]  No samples found: bcftools
[2020-11-14 21:54:27,463] multiqc                                            [DEBUG  ]  No samples found: featureCounts
[2020-11-14 21:54:27,481] multiqc                                            [DEBUG  ]  No samples found: fgbio
[2020-11-14 21:54:27,577] multiqc                                            [DEBUG  ]  No samples found: dragen
[2020-11-14 21:54:27,611] multiqc                                            [DEBUG  ]  No samples found: dedup
[2020-11-14 21:54:27,679] multiqc                                            [DEBUG  ]  No samples found: damageprofiler
[2020-11-14 21:54:27,808] multiqc                                            [DEBUG  ]  No samples found: biobambam2
[2020-11-14 21:54:27,830] multiqc                                            [DEBUG  ]  No samples found: mtnucratio
[2020-11-14 21:54:27,833] multiqc                                            [DEBUG  ]  No samples found: picard
[2020-11-14 21:54:27,862] multiqc                                            [DEBUG  ]  No samples found: prokka
[2020-11-14 21:54:27,917] multiqc                                            [DEBUG  ]  No samples found: samblaster
[2020-11-14 21:54:28,069] multiqc                                            [DEBUG  ]  No samples found: samtools
[2020-11-14 21:54:28,183] multiqc                                            [DEBUG  ]  No samples found: sexdeterrmine
[2020-11-14 21:54:28,234] multiqc                                            [DEBUG  ]  No samples found: bamtools
[2020-11-14 21:54:28,287] multiqc                                            [DEBUG  ]  No samples found: jellyfish
[2020-11-14 21:54:28,323] multiqc                                            [DEBUG  ]  No samples found: vcftools
[2020-11-14 21:54:28,334] multiqc                                            [DEBUG  ]  No samples found: longranger
[2020-11-14 21:54:28,349] multiqc                                            [DEBUG  ]  No samples found: stacks
[2020-11-14 21:54:28,438] multiqc                                            [DEBUG  ]  No samples found: varscan2
[2020-11-14 21:54:28,539] multiqc                                            [DEBUG  ]  No samples found: bbmap
[2020-11-14 21:54:28,552] multiqc                                            [DEBUG  ]  No samples found: bismark
[2020-11-14 21:54:28,577] multiqc                                            [DEBUG  ]  No samples found: biscuit
[2020-11-14 21:54:28,601] multiqc                                            [DEBUG  ]  No samples found: hicexplorer
[2020-11-14 21:54:28,620] multiqc                                            [DEBUG  ]  No samples found: hicup
[2020-11-14 21:54:28,636] multiqc                                            [DEBUG  ]  No samples found: hicpro
[2020-11-14 21:54:28,659] multiqc                                            [DEBUG  ]  No samples found: salmon
[2020-11-14 21:54:28,694] multiqc                                            [DEBUG  ]  No samples found: kallisto
[2020-11-14 21:54:28,712] multiqc                                            [DEBUG  ]  No samples found: slamdunk
[2020-11-14 21:54:28,727] multiqc                                            [DEBUG  ]  No samples found: star
[2020-11-14 21:54:28,930] multiqc.modules.hisat2.hisat2                      [INFO   ]  Found 1 reports
[2020-11-14 21:54:29,068] multiqc                                            [DEBUG  ]  No samples found: tophat
[2020-11-14 21:54:29,155] multiqc                                            [DEBUG  ]  No samples found: bowtie2
[2020-11-14 21:54:29,178] multiqc                                            [DEBUG  ]  No samples found: bowtie1
[2020-11-14 21:54:29,195] multiqc                                            [DEBUG  ]  No samples found: snpsplit
[2020-11-14 21:54:29,214] multiqc                                            [DEBUG  ]  No samples found: kat
[2020-11-14 21:54:29,235] multiqc                                            [DEBUG  ]  No samples found: leehom
[2020-11-14 21:54:29,251] multiqc                                            [DEBUG  ]  No samples found: adapterRemoval
[2020-11-14 21:54:29,642] multiqc                                            [DEBUG  ]  No samples found: clipandmerge
[2020-11-14 21:54:29,668] multiqc                                            [DEBUG  ]  No samples found: cutadapt
[2020-11-14 21:54:29,731] multiqc                                            [DEBUG  ]  No samples found: flexbar
[2020-11-14 21:54:29,796] multiqc                                            [DEBUG  ]  No samples found: kaiju
[2020-11-14 21:54:29,824] multiqc                                            [DEBUG  ]  No samples found: kraken
[2020-11-14 21:54:29,846] multiqc                                            [DEBUG  ]  No samples found: malt
[2020-11-14 21:54:29,861] multiqc                                            [DEBUG  ]  No samples found: trimmomatic
[2020-11-14 21:54:29,880] multiqc                                            [DEBUG  ]  No samples found: sickle
[2020-11-14 21:54:29,895] multiqc                                            [DEBUG  ]  No samples found: skewer
[2020-11-14 21:54:29,982] multiqc                                            [DEBUG  ]  No samples found: sortmerna
[2020-11-14 21:54:30,003] multiqc                                            [DEBUG  ]  No samples found: biobloomtools
[2020-11-14 21:54:30,033] multiqc                                            [DEBUG  ]  No samples found: fastq_screen
[2020-11-14 21:54:30,065] multiqc                                            [DEBUG  ]  No samples found: afterqc
[2020-11-14 21:54:30,097] multiqc                                            [DEBUG  ]  No samples found: fastp
[2020-11-14 21:54:30,949] multiqc.modules.fastqc.fastqc                      [INFO   ]  Found 2 reports
[2020-11-14 21:54:31,073] multiqc                                            [DEBUG  ]  No samples found: pycoqc
[2020-11-14 21:54:31,110] multiqc                                            [DEBUG  ]  No samples found: minionqc
[2020-11-14 21:54:31,127] multiqc                                            [DEBUG  ]  No samples found: multivcfanalyzer
[2020-11-14 21:54:31,159] multiqc                                            [DEBUG  ]  No samples found: clusterflow
[2020-11-14 21:54:31,179] multiqc                                            [DEBUG  ]  No samples found: bcl2fastq
[2020-11-14 21:54:31,443] multiqc                                            [DEBUG  ]  No samples found: interop
[2020-11-14 21:54:31,475] multiqc                                            [DEBUG  ]  No samples found: ivar
[2020-11-14 21:54:31,520] multiqc                                            [DEBUG  ]  No samples found: flash
[2020-11-14 21:54:31,550] multiqc                                            [DEBUG  ]  No samples found: seqyclean
[2020-11-14 21:54:31,557] multiqc                                            [INFO   ]  Compressing plot data
[2020-11-14 21:54:31,595] multiqc                                            [INFO   ]  Report      : ../../results/figures/multiqc_reports/telleria/multiqc_report.html
[2020-11-14 21:54:31,595] multiqc                                            [INFO   ]  Data        : ../../results/figures/multiqc_reports/telleria/multiqc_data
[2020-11-14 21:54:31,596] multiqc                                            [DEBUG  ]  Moving data file from '/tmp/tmp44swcix8/multiqc_data' to '../../results/figures/multiqc_reports/telleria/multiqc_data'
[2020-11-14 21:54:31,944] multiqc                                            [INFO   ]  MultiQC complete
